<?xml version="1.0" encoding="UTF-8"?>
<testng-results ignored="0" total="2" passed="2" failed="0" skipped="0">
  <reporter-output>
  </reporter-output>
  <suite started-at="2023-08-20T13:00:19 IST" name="Default suite" finished-at="2023-08-20T13:00:19 IST" duration-ms="52">
    <groups>
    </groups>
    <test started-at="2023-08-20T13:00:19 IST" name="Default test" finished-at="2023-08-20T13:00:19 IST" duration-ms="52">
      <class name="com.tourism.nielmart.module1.Buyer">
        <test-method signature="buy()[pri:0, instance:com.tourism.nielmart.module1.Buyer@6973b51b]" started-at="2023-08-20T13:00:19 IST" name="buy" finished-at="2023-08-20T13:00:19 IST" duration-ms="8" status="PASS">
          <reporter-output>
          </reporter-output>
        </test-method> <!-- buy -->
        <test-method signature="sell()[pri:0, instance:com.tourism.nielmart.module1.Buyer@6973b51b]" started-at="2023-08-20T13:00:19 IST" name="sell" finished-at="2023-08-20T13:00:19 IST" duration-ms="2" status="PASS">
          <reporter-output>
          </reporter-output>
        </test-method> <!-- sell -->
      </class> <!-- com.tourism.nielmart.module1.Buyer -->
    </test> <!-- Default test -->
  </suite> <!-- Default suite -->
</testng-results>
